Build started 28.05.2012 23:23:03.
     1>Project "C:\Users\Wizard\documents\visual studio 2010\Projects\113\113\113.vcxproj" on node 2 (build target(s)).
     1>InitializeBuildStatus:
         Creating "Debug\113.unsuccessfulbuild" because "AlwaysCreate" was specified.
       ClCompile:
         C:\Program Files\Microsoft Visual Studio 10.0\VC\bin\CL.exe /c /ZI /nologo /W3 /WX- /Od /Oy- /D WIN32 /D _DEBUG /D _CONSOLE /D _UNICODE /D UNICODE /Gm /EHsc /RTC1 /MDd /GS /fp:precise /Zc:wchar_t /Zc:forScope /Fo"Debug\\" /Fd"Debug\vc100.pdb" /Gd /TP /analyze- /errorReport:prompt main.cpp
         main.cpp
       ManifestResourceCompile:
         All outputs are up-to-date.
       Link:
         C:\Program Files\Microsoft Visual Studio 10.0\VC\bin\link.exe /ERRORREPORT:PROMPT /OUT:"C:\Users\Wizard\documents\visual studio 2010\Projects\113\Debug\113.exe" /INCREMENTAL /NOLOGO kernel32.lib user32.lib gdi32.lib winspool.lib comdlg32.lib advapi32.lib shell32.lib ole32.lib oleaut32.lib uuid.lib odbc32.lib odbccp32.lib /MANIFEST /ManifestFile:"Debug\113.exe.intermediate.manifest" /MANIFESTUAC:"level='asInvoker' uiAccess='false'" /DEBUG /PDB:"C:\Users\Wizard\documents\visual studio 2010\Projects\113\Debug\113.pdb" /SUBSYSTEM:CONSOLE /TLBID:1 /DYNAMICBASE /NXCOMPAT /IMPLIB:"C:\Users\Wizard\documents\visual studio 2010\Projects\113\Debug\113.lib" /MACHINE:X86 Debug\113.exe.embed.manifest.res
         Debug\main.obj
       Manifest:
         C:\Program Files\Microsoft SDKs\Windows\v7.0A\bin\mt.exe /nologo /verbose /out:"Debug\113.exe.embed.manifest" /manifest Debug\113.exe.intermediate.manifest
         All outputs are up-to-date.
       LinkEmbedManifest:
         All outputs are up-to-date.
         113.vcxproj -> C:\Users\Wizard\documents\visual studio 2010\Projects\113\Debug\113.exe
       FinalizeBuildStatus:
         Deleting file "Debug\113.unsuccessfulbuild".
         Touching "Debug\113.lastbuildstate".
     1>Done Building Project "C:\Users\Wizard\documents\visual studio 2010\Projects\113\113\113.vcxproj" (build target(s)).

Build succeeded.

Time Elapsed 00:00:02.74
